CRITICAL - 2022-02-13 09:40:18 --> Argument 1 passed to CodeIgniter\Database\BaseBuilder::getSetData() must be of the type bool, array given, called in C:\wamp64\www\seed\codeigniter\app\Controllers\Instructor.php on line 115
#0 C:\wamp64\www\seed\codeigniter\app\Controllers\Instructor.php(115): CodeIgniter\Database\BaseBuilder->getSetData(Array)
#1 C:\wamp64\www\seed\codeigniter\app\Controllers\Instructor.php(89): App\Controllers\Instructor->insertNewCourse('sales course', 'sdfgfn', '45c81d41800643f...')
#2 C:\wamp64\www\seed\codeigniter\system\CodeIgniter.php(825): App\Controllers\Instructor->add_course()
#3 C:\wamp64\www\seed\codeigniter\system\CodeIgniter.php(412): CodeIgniter\CodeIgniter->runController(Object(App\Controllers\Instructor))
#4 C:\wamp64\www\seed\codeigniter\system\CodeIgniter.php(320): CodeIgniter\CodeIgniter->handleRequest(NULL, Object(Config\Cache), false)
#5 C:\wamp64\www\seed\codeigniter\public\index.php(37): CodeIgniter\CodeIgniter->run()
#6 {main}
CRITICAL - 2022-02-13 10:18:38 --> syntax error, unexpected '$session' (T_VARIABLE)
#0 C:\wamp64\www\seed\codeigniter\system\Router\Router.php(175): CodeIgniter\Router\Router->autoRoute('instructor/publ...')
#1 C:\wamp64\www\seed\codeigniter\system\CodeIgniter.php(719): CodeIgniter\Router\Router->handle('instructor/publ...')
#2 C:\wamp64\www\seed\codeigniter\system\CodeIgniter.php(361): CodeIgniter\CodeIgniter->tryToRouteIt(Object(CodeIgniter\Router\RouteCollection))
#3 C:\wamp64\www\seed\codeigniter\system\CodeIgniter.php(320): CodeIgniter\CodeIgniter->handleRequest(NULL, Object(Config\Cache), false)
#4 C:\wamp64\www\seed\codeigniter\public\index.php(37): CodeIgniter\CodeIgniter->run()
#5 {main}
CRITICAL - 2022-02-13 10:19:00 --> syntax error, unexpected 'return' (T_RETURN)
#0 C:\wamp64\www\seed\codeigniter\system\Router\Router.php(175): CodeIgniter\Router\Router->autoRoute('instructor/publ...')
#1 C:\wamp64\www\seed\codeigniter\system\CodeIgniter.php(719): CodeIgniter\Router\Router->handle('instructor/publ...')
#2 C:\wamp64\www\seed\codeigniter\system\CodeIgniter.php(361): CodeIgniter\CodeIgniter->tryToRouteIt(Object(CodeIgniter\Router\RouteCollection))
#3 C:\wamp64\www\seed\codeigniter\system\CodeIgniter.php(320): CodeIgniter\CodeIgniter->handleRequest(NULL, Object(Config\Cache), false)
#4 C:\wamp64\www\seed\codeigniter\public\index.php(37): CodeIgniter\CodeIgniter->run()
#5 {main}
CRITICAL - 2022-02-13 11:24:41 --> Undefined offset: 0
#0 C:\wamp64\www\seed\codeigniter\app\Controllers\Instructor.php(39): CodeIgniter\Debug\Exceptions->errorHandler(8, 'Undefined offse...', 'C:\\wamp64\\www\\s...', 39, Array)
#1 C:\wamp64\www\seed\codeigniter\system\CodeIgniter.php(825): App\Controllers\Instructor->open_course('30')
#2 C:\wamp64\www\seed\codeigniter\system\CodeIgniter.php(412): CodeIgniter\CodeIgniter->runController(Object(App\Controllers\Instructor))
#3 C:\wamp64\www\seed\codeigniter\system\CodeIgniter.php(320): CodeIgniter\CodeIgniter->handleRequest(NULL, Object(Config\Cache), false)
#4 C:\wamp64\www\seed\codeigniter\public\index.php(37): CodeIgniter\CodeIgniter->run()
#5 {main}
CRITICAL - 2022-02-13 11:57:03 --> Undefined index: 
#0 C:\wamp64\www\seed\codeigniter\app\Views\instructor\open_course.php(65): CodeIgniter\Debug\Exceptions->errorHandler(8, 'Undefined index...', 'C:\\wamp64\\www\\s...', 65, Array)
#1 C:\wamp64\www\seed\codeigniter\app\Views\index.php(62): include('C:\\wamp64\\www\\s...')
#2 C:\wamp64\www\seed\codeigniter\system\View\View.php(210): include('C:\\wamp64\\www\\s...')
#3 C:\wamp64\www\seed\codeigniter\system\View\View.php(213): CodeIgniter\View\View->CodeIgniter\View\{closure}()
#4 C:\wamp64\www\seed\codeigniter\system\Common.php(1089): CodeIgniter\View\View->render('index.php', Array, true)
#5 C:\wamp64\www\seed\codeigniter\app\Controllers\Instructor.php(52): view('index.php', Array)
#6 C:\wamp64\www\seed\codeigniter\system\CodeIgniter.php(825): App\Controllers\Instructor->open_course('3')
#7 C:\wamp64\www\seed\codeigniter\system\CodeIgniter.php(412): CodeIgniter\CodeIgniter->runController(Object(App\Controllers\Instructor))
#8 C:\wamp64\www\seed\codeigniter\system\CodeIgniter.php(320): CodeIgniter\CodeIgniter->handleRequest(NULL, Object(Config\Cache), false)
#9 C:\wamp64\www\seed\codeigniter\public\index.php(37): CodeIgniter\CodeIgniter->run()
#10 {main}
CRITICAL - 2022-02-13 12:00:06 --> Use of undefined constant img_path - assumed 'img_path' (this will throw an Error in a future version of PHP)
#0 C:\wamp64\www\seed\codeigniter\app\Views\instructor\open_course.php(68): CodeIgniter\Debug\Exceptions->errorHandler(2, 'Use of undefine...', 'C:\\wamp64\\www\\s...', 68, Array)
#1 C:\wamp64\www\seed\codeigniter\app\Views\index.php(62): include('C:\\wamp64\\www\\s...')
#2 C:\wamp64\www\seed\codeigniter\system\View\View.php(210): include('C:\\wamp64\\www\\s...')
#3 C:\wamp64\www\seed\codeigniter\system\View\View.php(213): CodeIgniter\View\View->CodeIgniter\View\{closure}()
#4 C:\wamp64\www\seed\codeigniter\system\Common.php(1089): CodeIgniter\View\View->render('index.php', Array, true)
#5 C:\wamp64\www\seed\codeigniter\app\Controllers\Instructor.php(53): view('index.php', Array)
#6 C:\wamp64\www\seed\codeigniter\system\CodeIgniter.php(825): App\Controllers\Instructor->open_course('3')
#7 C:\wamp64\www\seed\codeigniter\system\CodeIgniter.php(412): CodeIgniter\CodeIgniter->runController(Object(App\Controllers\Instructor))
#8 C:\wamp64\www\seed\codeigniter\system\CodeIgniter.php(320): CodeIgniter\CodeIgniter->handleRequest(NULL, Object(Config\Cache), false)
#9 C:\wamp64\www\seed\codeigniter\public\index.php(37): CodeIgniter\CodeIgniter->run()
#10 {main}
CRITICAL - 2022-02-13 12:16:21 --> count(): Parameter must be an array or an object that implements Countable
#0 C:\wamp64\www\seed\codeigniter\app\Views\instructor\open_course.php(81): CodeIgniter\Debug\Exceptions->errorHandler(2, 'count(): Parame...', 'C:\\wamp64\\www\\s...', 81, Array)
#1 C:\wamp64\www\seed\codeigniter\app\Views\index.php(62): include('C:\\wamp64\\www\\s...')
#2 C:\wamp64\www\seed\codeigniter\system\View\View.php(210): include('C:\\wamp64\\www\\s...')
#3 C:\wamp64\www\seed\codeigniter\system\View\View.php(213): CodeIgniter\View\View->CodeIgniter\View\{closure}()
#4 C:\wamp64\www\seed\codeigniter\system\Common.php(1089): CodeIgniter\View\View->render('index.php', Array, true)
#5 C:\wamp64\www\seed\codeigniter\app\Controllers\Instructor.php(53): view('index.php', Array)
#6 C:\wamp64\www\seed\codeigniter\system\CodeIgniter.php(825): App\Controllers\Instructor->open_course('3')
#7 C:\wamp64\www\seed\codeigniter\system\CodeIgniter.php(412): CodeIgniter\CodeIgniter->runController(Object(App\Controllers\Instructor))
#8 C:\wamp64\www\seed\codeigniter\system\CodeIgniter.php(320): CodeIgniter\CodeIgniter->handleRequest(NULL, Object(Config\Cache), false)
#9 C:\wamp64\www\seed\codeigniter\public\index.php(37): CodeIgniter\CodeIgniter->run()
#10 {main}
CRITICAL - 2022-02-13 12:16:47 --> count(): Parameter must be an array or an object that implements Countable
#0 C:\wamp64\www\seed\codeigniter\app\Views\instructor\open_course.php(81): CodeIgniter\Debug\Exceptions->errorHandler(2, 'count(): Parame...', 'C:\\wamp64\\www\\s...', 81, Array)
#1 C:\wamp64\www\seed\codeigniter\app\Views\index.php(62): include('C:\\wamp64\\www\\s...')
#2 C:\wamp64\www\seed\codeigniter\system\View\View.php(210): include('C:\\wamp64\\www\\s...')
#3 C:\wamp64\www\seed\codeigniter\system\View\View.php(213): CodeIgniter\View\View->CodeIgniter\View\{closure}()
#4 C:\wamp64\www\seed\codeigniter\system\Common.php(1089): CodeIgniter\View\View->render('index.php', Array, true)
#5 C:\wamp64\www\seed\codeigniter\app\Controllers\Instructor.php(53): view('index.php', Array)
#6 C:\wamp64\www\seed\codeigniter\system\CodeIgniter.php(825): App\Controllers\Instructor->open_course('3')
#7 C:\wamp64\www\seed\codeigniter\system\CodeIgniter.php(412): CodeIgniter\CodeIgniter->runController(Object(App\Controllers\Instructor))
#8 C:\wamp64\www\seed\codeigniter\system\CodeIgniter.php(320): CodeIgniter\CodeIgniter->handleRequest(NULL, Object(Config\Cache), false)
#9 C:\wamp64\www\seed\codeigniter\public\index.php(37): CodeIgniter\CodeIgniter->run()
#10 {main}
CRITICAL - 2022-02-13 12:16:57 --> count(): Parameter must be an array or an object that implements Countable
#0 C:\wamp64\www\seed\codeigniter\app\Views\instructor\open_course.php(81): CodeIgniter\Debug\Exceptions->errorHandler(2, 'count(): Parame...', 'C:\\wamp64\\www\\s...', 81, Array)
#1 C:\wamp64\www\seed\codeigniter\app\Views\index.php(62): include('C:\\wamp64\\www\\s...')
#2 C:\wamp64\www\seed\codeigniter\system\View\View.php(210): include('C:\\wamp64\\www\\s...')
#3 C:\wamp64\www\seed\codeigniter\system\View\View.php(213): CodeIgniter\View\View->CodeIgniter\View\{closure}()
#4 C:\wamp64\www\seed\codeigniter\system\Common.php(1089): CodeIgniter\View\View->render('index.php', Array, true)
#5 C:\wamp64\www\seed\codeigniter\app\Controllers\Instructor.php(53): view('index.php', Array)
#6 C:\wamp64\www\seed\codeigniter\system\CodeIgniter.php(825): App\Controllers\Instructor->open_course('3')
#7 C:\wamp64\www\seed\codeigniter\system\CodeIgniter.php(412): CodeIgniter\CodeIgniter->runController(Object(App\Controllers\Instructor))
#8 C:\wamp64\www\seed\codeigniter\system\CodeIgniter.php(320): CodeIgniter\CodeIgniter->handleRequest(NULL, Object(Config\Cache), false)
#9 C:\wamp64\www\seed\codeigniter\public\index.php(37): CodeIgniter\CodeIgniter->run()
#10 {main}
CRITICAL - 2022-02-13 12:32:47 --> syntax error, unexpected ':'
#0 C:\wamp64\www\seed\codeigniter\system\Router\Router.php(175): CodeIgniter\Router\Router->autoRoute('test/hss')
#1 C:\wamp64\www\seed\codeigniter\system\CodeIgniter.php(719): CodeIgniter\Router\Router->handle('test/hss')
#2 C:\wamp64\www\seed\codeigniter\system\CodeIgniter.php(361): CodeIgniter\CodeIgniter->tryToRouteIt(Object(CodeIgniter\Router\RouteCollection))
#3 C:\wamp64\www\seed\codeigniter\system\CodeIgniter.php(320): CodeIgniter\CodeIgniter->handleRequest(NULL, Object(Config\Cache), false)
#4 C:\wamp64\www\seed\codeigniter\public\index.php(37): CodeIgniter\CodeIgniter->run()
#5 {main}
CRITICAL - 2022-02-13 16:25:50 --> Undefined index: courseImage
#0 C:\wamp64\www\seed\codeigniter\app\Controllers\Instructor.php(89): CodeIgniter\Debug\Exceptions->errorHandler(8, 'Undefined index...', 'C:\\wamp64\\www\\s...', 89, Array)
#1 C:\wamp64\www\seed\codeigniter\system\CodeIgniter.php(825): App\Controllers\Instructor->add_chapter()
#2 C:\wamp64\www\seed\codeigniter\system\CodeIgniter.php(412): CodeIgniter\CodeIgniter->runController(Object(App\Controllers\Instructor))
#3 C:\wamp64\www\seed\codeigniter\system\CodeIgniter.php(320): CodeIgniter\CodeIgniter->handleRequest(NULL, Object(Config\Cache), false)
#4 C:\wamp64\www\seed\codeigniter\public\index.php(37): CodeIgniter\CodeIgniter->run()
#5 {main}
CRITICAL - 2022-02-13 16:26:06 --> Undefined variable: title
#0 C:\wamp64\www\seed\codeigniter\app\Controllers\Instructor.php(96): CodeIgniter\Debug\Exceptions->errorHandler(8, 'Undefined varia...', 'C:\\wamp64\\www\\s...', 96, Array)
#1 C:\wamp64\www\seed\codeigniter\system\CodeIgniter.php(825): App\Controllers\Instructor->add_chapter()
#2 C:\wamp64\www\seed\codeigniter\system\CodeIgniter.php(412): CodeIgniter\CodeIgniter->runController(Object(App\Controllers\Instructor))
#3 C:\wamp64\www\seed\codeigniter\system\CodeIgniter.php(320): CodeIgniter\CodeIgniter->handleRequest(NULL, Object(Config\Cache), false)
#4 C:\wamp64\www\seed\codeigniter\public\index.php(37): CodeIgniter\CodeIgniter->run()
#5 {main}
CRITICAL - 2022-02-13 16:27:36 --> Undefined index: course_id
#0 C:\wamp64\www\seed\codeigniter\app\Controllers\Instructor.php(58): CodeIgniter\Debug\Exceptions->errorHandler(8, 'Undefined index...', 'C:\\wamp64\\www\\s...', 58, Array)
#1 C:\wamp64\www\seed\codeigniter\system\CodeIgniter.php(825): App\Controllers\Instructor->add_chapter()
#2 C:\wamp64\www\seed\codeigniter\system\CodeIgniter.php(412): CodeIgniter\CodeIgniter->runController(Object(App\Controllers\Instructor))
#3 C:\wamp64\www\seed\codeigniter\system\CodeIgniter.php(320): CodeIgniter\CodeIgniter->handleRequest(NULL, Object(Config\Cache), false)
#4 C:\wamp64\www\seed\codeigniter\public\index.php(37): CodeIgniter\CodeIgniter->run()
#5 {main}
CRITICAL - 2022-02-13 16:31:33 --> Undefined variable: desc
#0 C:\wamp64\www\seed\codeigniter\app\Controllers\Instructor.php(279): CodeIgniter\Debug\Exceptions->errorHandler(8, 'Undefined varia...', 'C:\\wamp64\\www\\s...', 279, Array)
#1 C:\wamp64\www\seed\codeigniter\app\Controllers\Instructor.php(100): App\Controllers\Instructor->insertNewCapter('like this', '4', '1', Array)
#2 C:\wamp64\www\seed\codeigniter\system\CodeIgniter.php(825): App\Controllers\Instructor->add_chapter()
#3 C:\wamp64\www\seed\codeigniter\system\CodeIgniter.php(412): CodeIgniter\CodeIgniter->runController(Object(App\Controllers\Instructor))
#4 C:\wamp64\www\seed\codeigniter\system\CodeIgniter.php(320): CodeIgniter\CodeIgniter->handleRequest(NULL, Object(Config\Cache), false)
#5 C:\wamp64\www\seed\codeigniter\public\index.php(37): CodeIgniter\CodeIgniter->run()
#6 {main}
ERROR - 2022-02-13 16:33:26 --> Champ 'title' inconnu dans field list
CRITICAL - 2022-02-13 16:33:26 --> Champ 'title' inconnu dans field list
#0 C:\wamp64\www\seed\codeigniter\system\Database\MySQLi\Connection.php(292): mysqli->query('INSERT INTO `ch...', 0)
#1 C:\wamp64\www\seed\codeigniter\system\Database\BaseConnection.php(670): CodeIgniter\Database\MySQLi\Connection->execute('INSERT INTO `ch...')
#2 C:\wamp64\www\seed\codeigniter\system\Database\BaseConnection.php(598): CodeIgniter\Database\BaseConnection->simpleQuery('INSERT INTO `ch...')
#3 C:\wamp64\www\seed\codeigniter\system\Database\BaseBuilder.php(1771): CodeIgniter\Database\BaseConnection->query('INSERT INTO `ch...', Array, false)
#4 C:\wamp64\www\seed\codeigniter\app\Controllers\Instructor.php(285): CodeIgniter\Database\BaseBuilder->insert(Array)
#5 C:\wamp64\www\seed\codeigniter\app\Controllers\Instructor.php(100): App\Controllers\Instructor->insertNewCapter('like this', '4', '1', Array)
#6 C:\wamp64\www\seed\codeigniter\system\CodeIgniter.php(825): App\Controllers\Instructor->add_chapter()
#7 C:\wamp64\www\seed\codeigniter\system\CodeIgniter.php(412): CodeIgniter\CodeIgniter->runController(Object(App\Controllers\Instructor))
#8 C:\wamp64\www\seed\codeigniter\system\CodeIgniter.php(320): CodeIgniter\CodeIgniter->handleRequest(NULL, Object(Config\Cache), false)
#9 C:\wamp64\www\seed\codeigniter\public\index.php(37): CodeIgniter\CodeIgniter->run()
#10 {main}
CRITICAL - 2022-02-13 16:33:50 --> Undefined index: course_id
#0 C:\wamp64\www\seed\codeigniter\app\Controllers\Instructor.php(58): CodeIgniter\Debug\Exceptions->errorHandler(8, 'Undefined index...', 'C:\\wamp64\\www\\s...', 58, Array)
#1 C:\wamp64\www\seed\codeigniter\system\CodeIgniter.php(825): App\Controllers\Instructor->add_chapter()
#2 C:\wamp64\www\seed\codeigniter\system\CodeIgniter.php(412): CodeIgniter\CodeIgniter->runController(Object(App\Controllers\Instructor))
#3 C:\wamp64\www\seed\codeigniter\system\CodeIgniter.php(320): CodeIgniter\CodeIgniter->handleRequest(NULL, Object(Config\Cache), false)
#4 C:\wamp64\www\seed\codeigniter\public\index.php(37): CodeIgniter\CodeIgniter->run()
#5 {main}
