ERROR - 2022-02-15 02:31:43 --> Duplicate entry '0' for key 'PRIMARY'
CRITICAL - 2022-02-15 02:31:43 --> Duplicate entry '0' for key 'PRIMARY'
#0 C:\xampp\htdocs\elearning-1.4\system\Database\MySQLi\Connection.php(292): mysqli->query('INSERT INTO `su...', 0)
#1 C:\xampp\htdocs\elearning-1.4\system\Database\BaseConnection.php(670): CodeIgniter\Database\MySQLi\Connection->execute('INSERT INTO `su...')
#2 C:\xampp\htdocs\elearning-1.4\system\Database\BaseConnection.php(598): CodeIgniter\Database\BaseConnection->simpleQuery('INSERT INTO `su...')
#3 C:\xampp\htdocs\elearning-1.4\system\Database\BaseBuilder.php(1771): CodeIgniter\Database\BaseConnection->query('INSERT INTO `su...', Array, false)
#4 C:\xampp\htdocs\elearning-1.4\app\Controllers\Student.php(67): CodeIgniter\Database\BaseBuilder->insert(Array)
#5 C:\xampp\htdocs\elearning-1.4\system\CodeIgniter.php(825): App\Controllers\Student->enroll('4')
#6 C:\xampp\htdocs\elearning-1.4\system\CodeIgniter.php(412): CodeIgniter\CodeIgniter->runController(Object(App\Controllers\Student))
#7 C:\xampp\htdocs\elearning-1.4\system\CodeIgniter.php(320): CodeIgniter\CodeIgniter->handleRequest(NULL, Object(Config\Cache), false)
#8 C:\xampp\htdocs\elearning-1.4\public\index.php(37): CodeIgniter\CodeIgniter->run()
#9 {main}
CRITICAL - 2022-02-15 02:40:34 --> Attempt to read property "id" on null
#0 C:\xampp\htdocs\elearning-1.4\app\Controllers\UserManagement.php(167): CodeIgniter\Debug\Exceptions->errorHandler(2, 'Attempt to read...', 'C:\\xampp\\htdocs...', 167)
#1 C:\xampp\htdocs\elearning-1.4\app\Controllers\UserManagement.php(51): App\Controllers\UserManagement->checkUserCredentials('admin', '0000')
#2 C:\xampp\htdocs\elearning-1.4\system\CodeIgniter.php(825): App\Controllers\UserManagement->checkAccount()
#3 C:\xampp\htdocs\elearning-1.4\system\CodeIgniter.php(412): CodeIgniter\CodeIgniter->runController(Object(App\Controllers\UserManagement))
#4 C:\xampp\htdocs\elearning-1.4\system\CodeIgniter.php(320): CodeIgniter\CodeIgniter->handleRequest(NULL, Object(Config\Cache), false)
#5 C:\xampp\htdocs\elearning-1.4\public\index.php(37): CodeIgniter\CodeIgniter->run()
#6 {main}
ERROR - 2022-02-15 05:17:41 --> Duplicate entry '0' for key 'PRIMARY'
CRITICAL - 2022-02-15 05:17:41 --> Duplicate entry '0' for key 'PRIMARY'
#0 C:\xampp\htdocs\elearning-1.4\system\Database\MySQLi\Connection.php(292): mysqli->query('INSERT INTO `su...', 0)
#1 C:\xampp\htdocs\elearning-1.4\system\Database\BaseConnection.php(670): CodeIgniter\Database\MySQLi\Connection->execute('INSERT INTO `su...')
#2 C:\xampp\htdocs\elearning-1.4\system\Database\BaseConnection.php(598): CodeIgniter\Database\BaseConnection->simpleQuery('INSERT INTO `su...')
#3 C:\xampp\htdocs\elearning-1.4\system\Database\BaseBuilder.php(1771): CodeIgniter\Database\BaseConnection->query('INSERT INTO `su...', Array, false)
#4 C:\xampp\htdocs\elearning-1.4\app\Controllers\Student.php(67): CodeIgniter\Database\BaseBuilder->insert(Array)
#5 C:\xampp\htdocs\elearning-1.4\system\CodeIgniter.php(825): App\Controllers\Student->enroll('4')
#6 C:\xampp\htdocs\elearning-1.4\system\CodeIgniter.php(412): CodeIgniter\CodeIgniter->runController(Object(App\Controllers\Student))
#7 C:\xampp\htdocs\elearning-1.4\system\CodeIgniter.php(320): CodeIgniter\CodeIgniter->handleRequest(NULL, Object(Config\Cache), false)
#8 C:\xampp\htdocs\elearning-1.4\public\index.php(37): CodeIgniter\CodeIgniter->run()
#9 {main}
ERROR - 2022-02-15 05:19:12 --> Duplicate entry '0' for key 'PRIMARY'
CRITICAL - 2022-02-15 05:19:12 --> Duplicate entry '0' for key 'PRIMARY'
#0 C:\xampp\htdocs\elearning-1.4\system\Database\MySQLi\Connection.php(292): mysqli->query('INSERT INTO `su...', 0)
#1 C:\xampp\htdocs\elearning-1.4\system\Database\BaseConnection.php(670): CodeIgniter\Database\MySQLi\Connection->execute('INSERT INTO `su...')
#2 C:\xampp\htdocs\elearning-1.4\system\Database\BaseConnection.php(598): CodeIgniter\Database\BaseConnection->simpleQuery('INSERT INTO `su...')
#3 C:\xampp\htdocs\elearning-1.4\system\Database\BaseBuilder.php(1771): CodeIgniter\Database\BaseConnection->query('INSERT INTO `su...', Array, false)
#4 C:\xampp\htdocs\elearning-1.4\app\Controllers\Student.php(67): CodeIgniter\Database\BaseBuilder->insert(Array)
#5 C:\xampp\htdocs\elearning-1.4\system\CodeIgniter.php(825): App\Controllers\Student->enroll('3')
#6 C:\xampp\htdocs\elearning-1.4\system\CodeIgniter.php(412): CodeIgniter\CodeIgniter->runController(Object(App\Controllers\Student))
#7 C:\xampp\htdocs\elearning-1.4\system\CodeIgniter.php(320): CodeIgniter\CodeIgniter->handleRequest(NULL, Object(Config\Cache), false)
#8 C:\xampp\htdocs\elearning-1.4\public\index.php(37): CodeIgniter\CodeIgniter->run()
#9 {main}
ERROR - 2022-02-15 05:19:16 --> Duplicate entry '0' for key 'PRIMARY'
CRITICAL - 2022-02-15 05:19:16 --> Duplicate entry '0' for key 'PRIMARY'
#0 C:\xampp\htdocs\elearning-1.4\system\Database\MySQLi\Connection.php(292): mysqli->query('INSERT INTO `su...', 0)
#1 C:\xampp\htdocs\elearning-1.4\system\Database\BaseConnection.php(670): CodeIgniter\Database\MySQLi\Connection->execute('INSERT INTO `su...')
#2 C:\xampp\htdocs\elearning-1.4\system\Database\BaseConnection.php(598): CodeIgniter\Database\BaseConnection->simpleQuery('INSERT INTO `su...')
#3 C:\xampp\htdocs\elearning-1.4\system\Database\BaseBuilder.php(1771): CodeIgniter\Database\BaseConnection->query('INSERT INTO `su...', Array, false)
#4 C:\xampp\htdocs\elearning-1.4\app\Controllers\Student.php(67): CodeIgniter\Database\BaseBuilder->insert(Array)
#5 C:\xampp\htdocs\elearning-1.4\system\CodeIgniter.php(825): App\Controllers\Student->enroll('3')
#6 C:\xampp\htdocs\elearning-1.4\system\CodeIgniter.php(412): CodeIgniter\CodeIgniter->runController(Object(App\Controllers\Student))
#7 C:\xampp\htdocs\elearning-1.4\system\CodeIgniter.php(320): CodeIgniter\CodeIgniter->handleRequest(NULL, Object(Config\Cache), false)
#8 C:\xampp\htdocs\elearning-1.4\public\index.php(37): CodeIgniter\CodeIgniter->run()
#9 {main}
ERROR - 2022-02-15 07:29:43 --> Duplicate entry '0' for key 'PRIMARY'
CRITICAL - 2022-02-15 07:29:43 --> Duplicate entry '0' for key 'PRIMARY'
#0 C:\xampp\htdocs\elearning-1.4\system\Database\MySQLi\Connection.php(292): mysqli->query('INSERT INTO `su...', 0)
#1 C:\xampp\htdocs\elearning-1.4\system\Database\BaseConnection.php(670): CodeIgniter\Database\MySQLi\Connection->execute('INSERT INTO `su...')
#2 C:\xampp\htdocs\elearning-1.4\system\Database\BaseConnection.php(598): CodeIgniter\Database\BaseConnection->simpleQuery('INSERT INTO `su...')
#3 C:\xampp\htdocs\elearning-1.4\system\Database\BaseBuilder.php(1771): CodeIgniter\Database\BaseConnection->query('INSERT INTO `su...', Array, false)
#4 C:\xampp\htdocs\elearning-1.4\app\Controllers\Student.php(67): CodeIgniter\Database\BaseBuilder->insert(Array)
#5 C:\xampp\htdocs\elearning-1.4\system\CodeIgniter.php(825): App\Controllers\Student->enroll('4')
#6 C:\xampp\htdocs\elearning-1.4\system\CodeIgniter.php(412): CodeIgniter\CodeIgniter->runController(Object(App\Controllers\Student))
#7 C:\xampp\htdocs\elearning-1.4\system\CodeIgniter.php(320): CodeIgniter\CodeIgniter->handleRequest(NULL, Object(Config\Cache), false)
#8 C:\xampp\htdocs\elearning-1.4\public\index.php(37): CodeIgniter\CodeIgniter->run()
#9 {main}
ERROR - 2022-02-15 07:29:47 --> Duplicate entry '0' for key 'PRIMARY'
CRITICAL - 2022-02-15 07:29:47 --> Duplicate entry '0' for key 'PRIMARY'
#0 C:\xampp\htdocs\elearning-1.4\system\Database\MySQLi\Connection.php(292): mysqli->query('INSERT INTO `su...', 0)
#1 C:\xampp\htdocs\elearning-1.4\system\Database\BaseConnection.php(670): CodeIgniter\Database\MySQLi\Connection->execute('INSERT INTO `su...')
#2 C:\xampp\htdocs\elearning-1.4\system\Database\BaseConnection.php(598): CodeIgniter\Database\BaseConnection->simpleQuery('INSERT INTO `su...')
#3 C:\xampp\htdocs\elearning-1.4\system\Database\BaseBuilder.php(1771): CodeIgniter\Database\BaseConnection->query('INSERT INTO `su...', Array, false)
#4 C:\xampp\htdocs\elearning-1.4\app\Controllers\Student.php(67): CodeIgniter\Database\BaseBuilder->insert(Array)
#5 C:\xampp\htdocs\elearning-1.4\system\CodeIgniter.php(825): App\Controllers\Student->enroll('3')
#6 C:\xampp\htdocs\elearning-1.4\system\CodeIgniter.php(412): CodeIgniter\CodeIgniter->runController(Object(App\Controllers\Student))
#7 C:\xampp\htdocs\elearning-1.4\system\CodeIgniter.php(320): CodeIgniter\CodeIgniter->handleRequest(NULL, Object(Config\Cache), false)
#8 C:\xampp\htdocs\elearning-1.4\public\index.php(37): CodeIgniter\CodeIgniter->run()
#9 {main}
ERROR - 2022-02-15 07:29:50 --> Duplicate entry '0' for key 'PRIMARY'
CRITICAL - 2022-02-15 07:29:50 --> Duplicate entry '0' for key 'PRIMARY'
#0 C:\xampp\htdocs\elearning-1.4\system\Database\MySQLi\Connection.php(292): mysqli->query('INSERT INTO `su...', 0)
#1 C:\xampp\htdocs\elearning-1.4\system\Database\BaseConnection.php(670): CodeIgniter\Database\MySQLi\Connection->execute('INSERT INTO `su...')
#2 C:\xampp\htdocs\elearning-1.4\system\Database\BaseConnection.php(598): CodeIgniter\Database\BaseConnection->simpleQuery('INSERT INTO `su...')
#3 C:\xampp\htdocs\elearning-1.4\system\Database\BaseBuilder.php(1771): CodeIgniter\Database\BaseConnection->query('INSERT INTO `su...', Array, false)
#4 C:\xampp\htdocs\elearning-1.4\app\Controllers\Student.php(67): CodeIgniter\Database\BaseBuilder->insert(Array)
#5 C:\xampp\htdocs\elearning-1.4\system\CodeIgniter.php(825): App\Controllers\Student->enroll('5')
#6 C:\xampp\htdocs\elearning-1.4\system\CodeIgniter.php(412): CodeIgniter\CodeIgniter->runController(Object(App\Controllers\Student))
#7 C:\xampp\htdocs\elearning-1.4\system\CodeIgniter.php(320): CodeIgniter\CodeIgniter->handleRequest(NULL, Object(Config\Cache), false)
#8 C:\xampp\htdocs\elearning-1.4\public\index.php(37): CodeIgniter\CodeIgniter->run()
#9 {main}
CRITICAL - 2022-02-15 08:08:27 --> Undefined array key "title"
#0 C:\xampp\htdocs\elearning-1.4\app\Controllers\Instructor.php(54): CodeIgniter\Debug\Exceptions->errorHandler(2, 'Undefined array...', 'C:\\xampp\\htdocs...', 54)
#1 C:\xampp\htdocs\elearning-1.4\system\CodeIgniter.php(825): App\Controllers\Instructor->add_chapter()
#2 C:\xampp\htdocs\elearning-1.4\system\CodeIgniter.php(412): CodeIgniter\CodeIgniter->runController(Object(App\Controllers\Instructor))
#3 C:\xampp\htdocs\elearning-1.4\system\CodeIgniter.php(320): CodeIgniter\CodeIgniter->handleRequest(NULL, Object(Config\Cache), false)
#4 C:\xampp\htdocs\elearning-1.4\public\index.php(37): CodeIgniter\CodeIgniter->run()
#5 {main}
CRITICAL - 2022-02-15 08:09:00 --> Undefined variable $title
#0 C:\xampp\htdocs\elearning-1.4\app\Controllers\Instructor.php(110): CodeIgniter\Debug\Exceptions->errorHandler(2, 'Undefined varia...', 'C:\\xampp\\htdocs...', 110)
#1 C:\xampp\htdocs\elearning-1.4\system\CodeIgniter.php(825): App\Controllers\Instructor->add_chapter()
#2 C:\xampp\htdocs\elearning-1.4\system\CodeIgniter.php(412): CodeIgniter\CodeIgniter->runController(Object(App\Controllers\Instructor))
#3 C:\xampp\htdocs\elearning-1.4\system\CodeIgniter.php(320): CodeIgniter\CodeIgniter->handleRequest(NULL, Object(Config\Cache), false)
#4 C:\xampp\htdocs\elearning-1.4\public\index.php(37): CodeIgniter\CodeIgniter->run()
#5 {main}
CRITICAL - 2022-02-15 08:46:45 --> Attempt to read property "id" on null
#0 C:\xampp\htdocs\elearning-1.4\app\Controllers\UserManagement.php(169): CodeIgniter\Debug\Exceptions->errorHandler(2, 'Attempt to read...', 'C:\\xampp\\htdocs...', 169)
#1 C:\xampp\htdocs\elearning-1.4\app\Controllers\UserManagement.php(56): App\Controllers\UserManagement->checkUserCredentials('admin', '0000')
#2 C:\xampp\htdocs\elearning-1.4\system\CodeIgniter.php(825): App\Controllers\UserManagement->checkAccount()
#3 C:\xampp\htdocs\elearning-1.4\system\CodeIgniter.php(412): CodeIgniter\CodeIgniter->runController(Object(App\Controllers\UserManagement))
#4 C:\xampp\htdocs\elearning-1.4\system\CodeIgniter.php(320): CodeIgniter\CodeIgniter->handleRequest(NULL, Object(Config\Cache), false)
#5 C:\xampp\htdocs\elearning-1.4\public\index.php(37): CodeIgniter\CodeIgniter->run()
#6 {main}
